<?xml version="1.0" encoding="UTF-8"?>
<!-- Generated by org.testng.reporters.JUnitReportReporter -->
<testsuite hostname="LAPTOP-U9VOLDAH" failures="0" tests="1" name="Testcases.Loginapplication" time="26.638" errors="0" timestamp="2021-04-27T07:20:05 IST" skipped="0">
  <testcase classname="Testcases.Loginapplication" name="Login" time="26.638"/>
  <system-out/>
</testsuite> <!-- Testcases.Loginapplication -->
